<?xml version="1.0" encoding="UTF-8"?>
<!-- Generated by org.testng.reporters.JUnitXMLReporter -->
<testsuite ignored="0" hostname="LAPTOP-ASU4V48N" failures="1" tests="2" name="Test" time="11.674" errors="0" timestamp="2021-09-06T16:17:26 IST">
  <testcase classname="ParallelTestingDemo.TestParallel" name="Verifytitle" time="6.702">
    <failure type="java.lang.AssertionError" message="expected [Google] but found [Demo Web Shop. Login]">
      <![CDATA[java.lang.AssertionError: expected [Google] but found [Demo Web Shop. Login]
at ParallelTestingDemo.TestParallel.Verifytitle(TestParallel.java:26)
at java.base/java.util.concurrent.ThreadPoolExecutor.runWorker(ThreadPoolExecutor.java:1128)
at java.base/java.util.concurrent.ThreadPoolExecutor$Worker.run(ThreadPoolExecutor.java:628)
at java.base/java.lang.Thread.run(Thread.java:834)
... Removed 18 stack frames]]>
    </failure>
  </testcase> <!-- Verifytitle -->
  <testcase classname="ParallelTestingDemo.TestParallel" name="VerifyLogin" time="11.548"/>
</testsuite> <!-- Test -->
