<?xml version="1.0" encoding="UTF-8"?>
<testng-results ignored="0" total="1" passed="1" failed="0" skipped="0">
  <reporter-output>
  </reporter-output>
  <suite started-at="2021-09-07T11:28:54 IST" name="Default suite" finished-at="2021-09-07T11:29:06 IST" duration-ms="12055">
    <groups>
    </groups>
    <test started-at="2021-09-07T11:28:54 IST" name="Default test" finished-at="2021-09-07T11:29:06 IST" duration-ms="12055">
      <class name="learntestng.GridDemo">
        <test-method signature="testlogin()[pri:0, instance:learntestng.GridDemo@4e268090]" started-at="2021-09-07T11:28:54 IST" name="testlogin" finished-at="2021-09-07T11:29:06 IST" duration-ms="11983" status="PASS">
          <reporter-output>
          </reporter-output>
        </test-method> <!-- testlogin -->
      </class> <!-- learntestng.GridDemo -->
    </test> <!-- Default test -->
  </suite> <!-- Default suite -->
</testng-results>
