<?xml version="1.0" encoding="UTF-8"?>
<!-- Generated by org.testng.reporters.JUnitXMLReporter -->
<testsuite ignored="0" hostname="LAPTOP-ASU4V48N" failures="1" tests="5" name="Test" time="20.171" errors="0" timestamp="2021-09-07T10:20:41 IST">
  <testcase classname="learntestng.AssertionDemo" name="checkurl" time="0.043">
    <failure type="java.lang.AssertionError" message="expected [google] but found [Google]">
      <![CDATA[java.lang.AssertionError: expected [google] but found [Google]
at learntestng.AssertionDemo.checkurl(AssertionDemo.java:30)
at java.base/java.util.ArrayList.forEach(ArrayList.java:1541)
... Removed 33 stack frames]]>
    </failure>
  </testcase> <!-- checkurl -->
  <testcase classname="learntestng.AssertionDemo" name="checklogo" time="0.155"/>
  <testcase classname="learntestng.DependenciesDemo1" name="startapp" time="4.581"/>
  <testcase classname="learntestng.DependenciesDemo1" name="loginapp" time="3.146"/>
  <testcase classname="learntestng.DependenciesDemo1" name="signoff" time="1.507"/>
</testsuite> <!-- Test -->
